<?xml version="1.0" encoding="UTF-8"?>
<testng-results ignored="0" total="2" passed="2" failed="0" skipped="0">
  <reporter-output>
  </reporter-output>
  <suite started-at="2024-03-28T21:35:25 EDT" name="Suite" finished-at="2024-03-28T21:35:32 EDT" duration-ms="7053">
    <groups>
      <group name="cucumber">
        <method signature="AbstractTestNGCucumberTests.runScenario(io.cucumber.testng.PickleWrapper,io.cucumber.testng.FeatureWrapper)[pri:0, instance:com.lms.api.Runner.TestRunner@62ddbd7e]" name="runScenario" class="io.cucumber.testng.AbstractTestNGCucumberTests"/>
      </group> <!-- cucumber -->
    </groups>
    <test started-at="2024-03-28T21:35:25 EDT" name="Test" finished-at="2024-03-28T21:35:32 EDT" duration-ms="7053">
      <class name="com.lms.api.Runner.TestRunner">
        <test-method is-config="true" signature="setUpClass(org.testng.ITestContext)[pri:0, instance:com.lms.api.Runner.TestRunner@62ddbd7e]" started-at="2024-03-28T21:35:25 EDT" name="setUpClass" finished-at="2024-03-28T21:35:26 EDT" duration-ms="982" status="PASS">
          <params>
            <param index="0">
              <value>
                <![CDATA[org.testng.TestRunner@15d68a50]]>
              </value>
            </param>
          </params>
          <reporter-output>
          </reporter-output>
        </test-method> <!-- setUpClass -->
        <test-method signature="runScenario(io.cucumber.testng.PickleWrapper,io.cucumber.testng.FeatureWrapper)[pri:0, instance:com.lms.api.Runner.TestRunner@62ddbd7e]" started-at="2024-03-28T21:35:26 EDT" name="runScenario" description="Runs Cucumber Scenarios" data-provider="scenarios" finished-at="2024-03-28T21:35:29 EDT" duration-ms="3526" status="PASS">
          <params>
            <param index="0">
              <value>
                <![CDATA["Valid user Login"]]>
              </value>
            </param>
            <param index="1">
              <value>
                <![CDATA["Post request"]]>
              </value>
            </param>
          </params>
          <reporter-output>
          </reporter-output>
        </test-method> <!-- runScenario -->
        <test-method signature="runScenario(io.cucumber.testng.PickleWrapper,io.cucumber.testng.FeatureWrapper)[pri:0, instance:com.lms.api.Runner.TestRunner@62ddbd7e]" started-at="2024-03-28T21:35:29 EDT" name="runScenario" description="Runs Cucumber Scenarios" data-provider="scenarios" finished-at="2024-03-28T21:35:30 EDT" duration-ms="871" status="PASS">
          <params>
            <param index="0">
              <value>
                <![CDATA["Check if Admin able to generate token with invalid endpoint"]]>
              </value>
            </param>
            <param index="1">
              <value>
                <![CDATA["Post request"]]>
              </value>
            </param>
          </params>
          <reporter-output>
          </reporter-output>
        </test-method> <!-- runScenario -->
        <test-method is-config="true" signature="tearDownClass()[pri:0, instance:com.lms.api.Runner.TestRunner@62ddbd7e]" started-at="2024-03-28T21:35:30 EDT" name="tearDownClass" finished-at="2024-03-28T21:35:32 EDT" duration-ms="1619" status="PASS">
          <reporter-output>
          </reporter-output>
        </test-method> <!-- tearDownClass -->
      </class> <!-- com.lms.api.Runner.TestRunner -->
    </test> <!-- Test -->
  </suite> <!-- Suite -->
</testng-results>
